<?xml version="1.0" encoding="UTF-8"?>
<!-- Generated by org.testng.reporters.JUnitReportReporter -->
<testsuite hostname="DESKTOP-ML836JK" failures="0" tests="1" name="test.AddExpenseTest" time="13.611" errors="0" timestamp="13 Jun 2019 16:04:57 GMT" skipped="0">
  <testcase classname="test.AddExpenseTest" name="AddExpenseToVerifyExpensePosted" time="13.611"/>
</testsuite> <!-- test.AddExpenseTest -->
