<?xml version="1.0" encoding="UTF-8"?>
<!-- Generated by org.testng.reporters.JUnitReportReporter -->
<testsuite hostname="DESKTOP-ML836JK" failures="0" tests="1" name="test.LoginTest" time="9.131" errors="0" timestamp="01 Jun 2019 16:27:52 GMT" skipped="0">
  <testcase classname="test.LoginTest" name="loginTest" time="9.131"/>
</testsuite> <!-- test.LoginTest -->
