<?xml version="1.0" encoding="UTF-8"?>
<!-- Generated by org.testng.reporters.JUnitReportReporter -->
<testsuite hostname="DESKTOP-ML836JK" failures="0" tests="1" name="test.AddExpenseTest" time="12.262" errors="0" timestamp="12 Jun 2019 15:30:32 GMT" skipped="0">
  <testcase classname="test.AddExpenseTest" name="AddExpenseToVerifyExpensePosted" time="12.262"/>
</testsuite> <!-- test.AddExpenseTest -->
