<?xml version="1.0" encoding="UTF-8"?>
<!-- Generated by org.testng.reporters.JUnitReportReporter -->
<testsuite hostname="DESKTOP-ML836JK" failures="0" tests="1" name="test.AddExpenseTest" time="25.525" errors="0" timestamp="02 Jun 2019 01:07:14 GMT" skipped="0">
  <testcase classname="test.AddExpenseTest" name="AddExpenseToVerifyExpensePosted" time="25.525"/>
</testsuite> <!-- test.AddExpenseTest -->
