<?xml version="1.0" encoding="UTF-8"?>
<!-- Generated by org.testng.reporters.JUnitReportReporter -->
<testsuite hostname="DESKTOP-ML836JK" failures="0" tests="1" name="test.LoginTest" time="6.698" errors="0" timestamp="12 Jun 2019 19:24:46 GMT" skipped="0">
  <testcase classname="test.LoginTest" name="loginTest" time="6.698"/>
</testsuite> <!-- test.LoginTest -->
